[--INFO-][20190131 15:24:05]Version 2.1.0
[--INFO-][20190131 15:24:05]checking encrypt dog...
[--INFO-][20190131 15:24:05]decrypt model...
[--INFO-][20190131 15:24:08]close the dog...
[--INFO-][20190131 15:25:36]Version 2.1.0
[--INFO-][20190131 15:25:36]checking encrypt dog...
[--INFO-][20190131 15:25:36]decrypt model...
[--INFO-][20190131 15:25:38]close the dog...
[--INFO-][20190131 16:08:09]Version 2.1.0
[--INFO-][20190131 16:08:09]checking encrypt dog...
[--INFO-][20190131 16:08:09]decrypt model...
[--INFO-][20190131 16:08:12]close the dog...
[--INFO-][20190131 16:08:18]Version 2.1.0
[--INFO-][20190131 16:08:18]checking encrypt dog...
[--INFO-][20190131 16:08:18]decrypt model...
[--INFO-][20190131 16:08:20]close the dog...
[--INFO-][20190131 17:43:06]Version 2.1.0
[--INFO-][20190131 17:43:06]checking encrypt dog...
[--INFO-][20190131 17:43:06]decrypt model...
[--INFO-][20190131 17:43:15]close the dog...
[--INFO-][20190131 17:44:04]Version 2.1.0
[--INFO-][20190131 17:44:04]checking encrypt dog...
[--INFO-][20190131 17:44:04]decrypt model...
[--INFO-][20190131 17:44:11]close the dog...
[--INFO-][20190201 16:18:36]Version 2.1.0
[--INFO-][20190201 16:18:36]checking encrypt dog...
[--INFO-][20190201 16:18:36]decrypt model...
[--INFO-][20190201 16:19:09]Version 2.1.0
[--INFO-][20190201 16:19:09]checking encrypt dog...
[--INFO-][20190201 16:19:09]decrypt model...
[--INFO-][20190201 16:19:12]close the dog...
[--INFO-][20190221 17:46:42]Version 2.1.0
[--INFO-][20190221 17:46:42]checking encrypt dog...
[--INFO-][20190221 17:46:42]decrypt model...
[--INFO-][20190221 17:47:39]Version 2.1.0
[--INFO-][20190221 17:47:39]checking encrypt dog...
[--INFO-][20190221 17:47:39]decrypt model...
[--INFO-][20190222 09:17:05]Version 2.1.0
[--INFO-][20190222 09:17:05]checking encrypt dog...
[--INFO-][20190222 09:17:05]decrypt model...
[--INFO-][20190222 09:17:08]Version 2.1.0
[--INFO-][20190222 09:17:08]checking encrypt dog...
[--INFO-][20190222 09:17:08]facenet initial failed...
[--INFO-][20190222 09:17:39]Version 2.1.0
[--INFO-][20190222 09:17:39]checking encrypt dog...
[--INFO-][20190222 09:17:39]decrypt model...
[--INFO-][20190222 09:17:42]Version 2.1.0
[--INFO-][20190222 09:17:42]checking encrypt dog...
[--INFO-][20190222 09:17:42]facenet initial failed...
[--INFO-][20190222 09:24:48]Version 2.1.0
[--INFO-][20190222 09:24:48]checking encrypt dog...
[--INFO-][20190222 09:24:48]decrypt model...
[--INFO-][20190222 09:24:51]Version 2.1.0
[--INFO-][20190222 09:24:51]checking encrypt dog...
[--INFO-][20190222 09:24:51]facenet initial failed...
[--INFO-][20190222 09:37:09]Version 2.1.0
[--INFO-][20190222 09:37:09]checking encrypt dog...
[--INFO-][20190222 09:37:09]decrypt model...
[--INFO-][20190222 09:37:12]Version 2.1.0
[--INFO-][20190222 09:37:12]checking encrypt dog...
[--INFO-][20190222 09:37:12]facenet initial failed...
[--INFO-][20190222 11:15:36]Version 2.1.0
[--INFO-][20190222 11:15:36]checking encrypt dog...
[--INFO-][20190222 11:15:36]decrypt model...
[--INFO-][20190222 11:15:39]Version 2.1.0
[--INFO-][20190222 11:15:39]checking encrypt dog...
[--INFO-][20190222 11:15:39]facenet initial failed...
[--INFO-][20190228 15:12:32]Version 2.1.0
[--INFO-][20190228 15:12:32]checking encrypt dog...
[--INFO-][20190228 15:12:32]decrypt model...
[--INFO-][20190228 15:12:48]close the dog...
[--INFO-][20190228 15:13:38]Version 2.1.0
[--INFO-][20190228 15:13:38]checking encrypt dog...
[--INFO-][20190228 15:13:38]decrypt model...
[--INFO-][20190228 15:13:52]close the dog...
[--INFO-][20190228 15:14:07]Version 2.1.0
[--INFO-][20190228 15:14:07]checking encrypt dog...
[--INFO-][20190228 15:14:07]decrypt model...
[--INFO-][20190228 15:14:20]close the dog...
[--INFO-][20190228 15:15:57]Version 2.1.0
[--INFO-][20190228 15:15:57]checking encrypt dog...
[--INFO-][20190228 15:15:57]decrypt model...
[--INFO-][20190228 15:16:11]close the dog...
[--INFO-][20190228 15:16:23]Version 2.1.0
[--INFO-][20190228 15:16:23]checking encrypt dog...
[--INFO-][20190228 15:16:23]decrypt model...
[--INFO-][20190228 15:16:37]close the dog...
[--INFO-][20190228 15:16:47]Version 2.1.0
[--INFO-][20190228 15:16:47]checking encrypt dog...
[--INFO-][20190228 15:16:47]decrypt model...
[--INFO-][20190228 15:17:01]close the dog...
[--INFO-][20190228 15:17:07]Version 2.1.0
[--INFO-][20190228 15:17:07]checking encrypt dog...
[--INFO-][20190228 15:17:07]decrypt model...
[--INFO-][20190228 15:17:21]close the dog...
[--INFO-][20190228 15:18:06]Version 2.1.0
[--INFO-][20190228 15:18:06]checking encrypt dog...
[--INFO-][20190228 15:18:06]decrypt model...
[--INFO-][20190228 15:18:19]close the dog...
[--INFO-][20190228 15:18:27]Version 2.1.0
[--INFO-][20190228 15:18:27]checking encrypt dog...
[--INFO-][20190228 15:18:27]decrypt model...
[--INFO-][20190228 15:18:41]close the dog...
[--INFO-][20190228 15:18:47]Version 2.1.0
[--INFO-][20190228 15:18:47]checking encrypt dog...
[--INFO-][20190228 15:18:47]decrypt model...
[--INFO-][20190228 15:19:01]close the dog...
[--INFO-][20190228 15:19:06]Version 2.1.0
[--INFO-][20190228 15:19:06]checking encrypt dog...
[--INFO-][20190228 15:19:06]decrypt model...
[--INFO-][20190228 15:19:19]close the dog...
[--INFO-][20190228 15:19:37]Version 2.1.0
[--INFO-][20190228 15:19:37]checking encrypt dog...
[--INFO-][20190228 15:19:37]decrypt model...
[--INFO-][20190228 15:19:51]close the dog...
[--INFO-][20190228 15:21:02]Version 2.1.0
[--INFO-][20190228 15:21:02]checking encrypt dog...
[--INFO-][20190228 15:21:02]decrypt model...
[--INFO-][20190228 15:21:16]close the dog...
[--INFO-][20190228 15:21:21]Version 2.1.0
[--INFO-][20190228 15:21:21]checking encrypt dog...
[--INFO-][20190228 15:21:21]decrypt model...
[--INFO-][20190228 15:21:35]close the dog...
[--INFO-][20190228 15:21:47]Version 2.1.0
[--INFO-][20190228 15:21:47]checking encrypt dog...
[--INFO-][20190228 15:21:47]decrypt model...
[--INFO-][20190228 15:22:00]close the dog...
[--INFO-][20190228 15:23:23]Version 2.1.0
[--INFO-][20190228 15:23:23]checking encrypt dog...
[--INFO-][20190228 15:23:23]decrypt model...
[--INFO-][20190228 15:23:37]close the dog...
[--INFO-][20190228 15:23:42]Version 2.1.0
[--INFO-][20190228 15:23:42]checking encrypt dog...
[--INFO-][20190228 15:23:42]decrypt model...
[--INFO-][20190228 15:23:56]close the dog...
[--INFO-][20190228 15:24:04]Version 2.1.0
[--INFO-][20190228 15:24:04]checking encrypt dog...
[--INFO-][20190228 15:24:04]decrypt model...
[--INFO-][20190228 15:24:17]close the dog...
[--INFO-][20190228 15:24:30]Version 2.1.0
[--INFO-][20190228 15:24:30]checking encrypt dog...
[--INFO-][20190228 15:24:30]decrypt model...
[--INFO-][20190228 15:24:44]close the dog...
[--INFO-][20190228 15:27:02]Version 2.1.0
[--INFO-][20190228 15:27:02]checking encrypt dog...
[--INFO-][20190228 15:27:02]decrypt model...
[--INFO-][20190228 15:27:06]Version 2.1.0
[--INFO-][20190228 15:27:06]checking encrypt dog...
[--INFO-][20190228 15:27:06]decrypt model...
[--INFO-][20190228 15:27:39]close the dog...
[--INFO-][20190228 15:27:49]Version 2.1.0
[--INFO-][20190228 15:27:49]checking encrypt dog...
[--INFO-][20190228 15:27:49]decrypt model...
[--INFO-][20190228 15:27:51]Version 2.1.0
[--INFO-][20190228 15:27:51]checking encrypt dog...
[--INFO-][20190228 15:27:51]decrypt model...
[--INFO-][20190228 15:28:24]close the dog...
[--INFO-][20190228 15:28:42]Version 2.1.0
[--INFO-][20190228 15:28:42]checking encrypt dog...
[--INFO-][20190228 15:28:42]decrypt model...
[--INFO-][20190228 15:28:45]Version 2.1.0
[--INFO-][20190228 15:28:45]checking encrypt dog...
[--INFO-][20190228 15:28:45]decrypt model...
[--INFO-][20190228 15:29:18]close the dog...
[--INFO-][20190228 15:30:13]Version 2.1.0
[--INFO-][20190228 15:30:13]checking encrypt dog...
[--INFO-][20190228 15:30:13]decrypt model...
[--INFO-][20190228 15:30:16]Version 2.1.0
[--INFO-][20190228 15:30:16]checking encrypt dog...
[--INFO-][20190228 15:30:16]decrypt model...
[--INFO-][20190228 15:31:21]Version 2.1.0
[--INFO-][20190228 15:31:21]checking encrypt dog...
[--INFO-][20190228 15:31:21]decrypt model...
[--INFO-][20190228 15:31:24]Version 2.1.0
[--INFO-][20190228 15:31:24]checking encrypt dog...
[--INFO-][20190228 15:31:24]decrypt model...
[--INFO-][20190228 15:31:47]close the dog...
[--INFO-][20190228 15:32:05]Version 2.1.0
[--INFO-][20190228 15:32:05]checking encrypt dog...
[--INFO-][20190228 15:32:05]decrypt model...
[--INFO-][20190228 15:32:07]Version 2.1.0
[--INFO-][20190228 15:32:07]checking encrypt dog...
[--INFO-][20190228 15:32:07]decrypt model...
[--INFO-][20190228 15:32:31]close the dog...
[--INFO-][20190228 15:32:41]Version 2.1.0
[--INFO-][20190228 15:32:41]checking encrypt dog...
[--INFO-][20190228 15:32:41]decrypt model...
[--INFO-][20190228 15:32:43]Version 2.1.0
[--INFO-][20190228 15:32:43]checking encrypt dog...
[--INFO-][20190228 15:32:43]decrypt model...
[--INFO-][20190228 15:33:07]close the dog...
[--INFO-][20190228 15:34:21]Version 2.1.0
[--INFO-][20190228 15:34:21]checking encrypt dog...
[--INFO-][20190228 15:34:21]decrypt model...
[--INFO-][20190228 15:34:24]Version 2.1.0
[--INFO-][20190228 15:34:24]checking encrypt dog...
[--INFO-][20190228 15:34:24]decrypt model...
[--INFO-][20190228 15:34:48]close the dog...
[--INFO-][20190228 15:34:57]Version 2.1.0
[--INFO-][20190228 15:34:57]checking encrypt dog...
[--INFO-][20190228 15:34:57]decrypt model...
[--INFO-][20190228 15:34:59]Version 2.1.0
[--INFO-][20190228 15:34:59]checking encrypt dog...
[--INFO-][20190228 15:34:59]decrypt model...
[--INFO-][20190228 15:35:23]close the dog...
[--INFO-][20190228 15:36:08]Version 2.1.0
[--INFO-][20190228 15:36:08]checking encrypt dog...
[--INFO-][20190228 15:36:08]decrypt model...
[--INFO-][20190228 15:36:10]Version 2.1.0
[--INFO-][20190228 15:36:10]checking encrypt dog...
[--INFO-][20190228 15:36:10]decrypt model...
[--INFO-][20190228 15:36:35]close the dog...
